{"/Users/qixin/Documents/PersonalWork/TraeCN-Demo/2025_1201蜜蜂/cash_frontend_1204/case_frontend_base_09/src/api/index.js": {"path":"/Users/qixin/Documents/PersonalWork/TraeCN-Demo/2025_1201蜜蜂/cash_frontend_1204/case_frontend_base_09/src/api/index.js","statementMap":{"0":{"start":{"line":5,"column":24},"end":{"line":16,"column":null}},"1":{"start":{"line":6,"column":2},"end":{"line":6,"column":null}},"2":{"start":{"line":7,"column":2},"end":{"line":15,"column":null}},"3":{"start":{"line":8,"column":19},"end":{"line":8,"column":null}},"4":{"start":{"line":9,"column":4},"end":{"line":9,"column":null}},"5":{"start":{"line":11,"column":4},"end":{"line":11,"column":null}},"6":{"start":{"line":13,"column":4},"end":{"line":13,"column":null}},"7":{"start":{"line":14,"column":4},"end":{"line":14,"column":null}},"8":{"start":{"line":19,"column":31},"end":{"line":30,"column":null}},"9":{"start":{"line":20,"column":2},"end":{"line":20,"column":null}},"10":{"start":{"line":21,"column":2},"end":{"line":29,"column":null}},"11":{"start":{"line":22,"column":19},"end":{"line":22,"column":null}},"12":{"start":{"line":23,"column":4},"end":{"line":23,"column":null}},"13":{"start":{"line":25,"column":4},"end":{"line":25,"column":null}},"14":{"start":{"line":27,"column":4},"end":{"line":27,"column":null}},"15":{"start":{"line":28,"column":4},"end":{"line":28,"column":null}},"16":{"start":{"line":33,"column":26},"end":{"line":44,"column":null}},"17":{"start":{"line":34,"column":2},"end":{"line":34,"column":null}},"18":{"start":{"line":35,"column":2},"end":{"line":43,"column":null}},"19":{"start":{"line":36,"column":19},"end":{"line":36,"column":null}},"20":{"start":{"line":37,"column":4},"end":{"line":37,"column":null}},"21":{"start":{"line":39,"column":4},"end":{"line":39,"column":null}},"22":{"start":{"line":41,"column":4},"end":{"line":41,"column":null}},"23":{"start":{"line":42,"column":4},"end":{"line":42,"column":null}}},"fnMap":{"0":{"name":"(anonymous_0)","decl":{"start":{"line":5,"column":24},"end":{"line":5,"column":29}},"loc":{"start":{"line":5,"column":47},"end":{"line":16,"column":null}},"line":5},"1":{"name":"(anonymous_1)","decl":{"start":{"line":19,"column":31},"end":{"line":19,"column":36}},"loc":{"start":{"line":19,"column":54},"end":{"line":30,"column":null}},"line":19},"2":{"name":"(anonymous_2)","decl":{"start":{"line":33,"column":26},"end":{"line":33,"column":31}},"loc":{"start":{"line":33,"column":49},"end":{"line":44,"column":null}},"line":33}},"branchMap":{"0":{"loc":{"start":{"line":5,"column":31},"end":{"line":5,"column":42}},"type":"default-arg","locations":[{"start":{"line":5,"column":40},"end":{"line":5,"column":42}}],"line":5},"1":{"loc":{"start":{"line":19,"column":38},"end":{"line":19,"column":49}},"type":"default-arg","locations":[{"start":{"line":19,"column":47},"end":{"line":19,"column":49}}],"line":19},"2":{"loc":{"start":{"line":33,"column":33},"end":{"line":33,"column":44}},"type":"default-arg","locations":[{"start":{"line":33,"column":42},"end":{"line":33,"column":44}}],"line":33}},"s":{"0":1,"1":3,"2":3,"3":3,"4":2,"5":2,"6":1,"7":1,"8":1,"9":3,"10":3,"11":3,"12":2,"13":2,"14":1,"15":1,"16":1,"17":3,"18":3,"19":3,"20":2,"21":2,"22":1,"23":1},"f":{"0":3,"1":3,"2":3},"b":{"0":[3],"1":[3],"2":[3]},"meta":{"lastBranch":3,"lastFunction":3,"lastStatement":24,"seen":{"s:5:24:16:Infinity":0,"f:5:24:5:29":0,"b:5:40:5:42":0,"s:6:2:6:Infinity":1,"s:7:2:15:Infinity":2,"s:8:19:8:Infinity":3,"s:9:4:9:Infinity":4,"s:11:4:11:Infinity":5,"s:13:4:13:Infinity":6,"s:14:4:14:Infinity":7,"s:19:31:30:Infinity":8,"f:19:31:19:36":1,"b:19:47:19:49":1,"s:20:2:20:Infinity":9,"s:21:2:29:Infinity":10,"s:22:19:22:Infinity":11,"s:23:4:23:Infinity":12,"s:25:4:25:Infinity":13,"s:27:4:27:Infinity":14,"s:28:4:28:Infinity":15,"s:33:26:44:Infinity":16,"f:33:26:33:31":2,"b:33:42:33:44":2,"s:34:2:34:Infinity":17,"s:35:2:43:Infinity":18,"s:36:19:36:Infinity":19,"s:37:4:37:Infinity":20,"s:39:4:39:Infinity":21,"s:41:4:41:Infinity":22,"s:42:4:42:Infinity":23}}}
,"/Users/qixin/Documents/PersonalWork/TraeCN-Demo/2025_1201蜜蜂/cash_frontend_1204/case_frontend_base_09/src/stores/dataStore.js": {"path":"/Users/qixin/Documents/PersonalWork/TraeCN-Demo/2025_1201蜜蜂/cash_frontend_1204/case_frontend_base_09/src/stores/dataStore.js","statementMap":{"0":{"start":{"line":4,"column":27},"end":{"line":98,"column":null}},"1":{"start":{"line":5,"column":16},"end":{"line":11,"column":3}},"2":{"start":{"line":16,"column":6},"end":{"line":16,"column":null}},"3":{"start":{"line":17,"column":6},"end":{"line":17,"column":null}},"4":{"start":{"line":18,"column":6},"end":{"line":33,"column":null}},"5":{"start":{"line":19,"column":8},"end":{"line":19,"column":null}},"6":{"start":{"line":20,"column":25},"end":{"line":20,"column":null}},"7":{"start":{"line":21,"column":8},"end":{"line":21,"column":null}},"8":{"start":{"line":24,"column":8},"end":{"line":24,"column":null}},"9":{"start":{"line":26,"column":8},"end":{"line":26,"column":null}},"10":{"start":{"line":28,"column":8},"end":{"line":28,"column":null}},"11":{"start":{"line":29,"column":8},"end":{"line":29,"column":null}},"12":{"start":{"line":30,"column":8},"end":{"line":30,"column":null}},"13":{"start":{"line":32,"column":8},"end":{"line":32,"column":null}},"14":{"start":{"line":38,"column":6},"end":{"line":38,"column":null}},"15":{"start":{"line":39,"column":6},"end":{"line":39,"column":null}},"16":{"start":{"line":40,"column":6},"end":{"line":55,"column":null}},"17":{"start":{"line":41,"column":8},"end":{"line":41,"column":null}},"18":{"start":{"line":42,"column":25},"end":{"line":42,"column":null}},"19":{"start":{"line":43,"column":8},"end":{"line":43,"column":null}},"20":{"start":{"line":46,"column":8},"end":{"line":46,"column":null}},"21":{"start":{"line":48,"column":8},"end":{"line":48,"column":null}},"22":{"start":{"line":50,"column":8},"end":{"line":50,"column":null}},"23":{"start":{"line":51,"column":8},"end":{"line":51,"column":null}},"24":{"start":{"line":52,"column":8},"end":{"line":52,"column":null}},"25":{"start":{"line":54,"column":8},"end":{"line":54,"column":null}},"26":{"start":{"line":60,"column":6},"end":{"line":60,"column":null}},"27":{"start":{"line":61,"column":6},"end":{"line":61,"column":null}},"28":{"start":{"line":62,"column":6},"end":{"line":77,"column":null}},"29":{"start":{"line":63,"column":8},"end":{"line":63,"column":null}},"30":{"start":{"line":64,"column":25},"end":{"line":64,"column":null}},"31":{"start":{"line":65,"column":8},"end":{"line":65,"column":null}},"32":{"start":{"line":68,"column":8},"end":{"line":68,"column":null}},"33":{"start":{"line":70,"column":8},"end":{"line":70,"column":null}},"34":{"start":{"line":72,"column":8},"end":{"line":72,"column":null}},"35":{"start":{"line":73,"column":8},"end":{"line":73,"column":null}},"36":{"start":{"line":74,"column":8},"end":{"line":74,"column":null}},"37":{"start":{"line":76,"column":8},"end":{"line":76,"column":null}},"38":{"start":{"line":82,"column":6},"end":{"line":82,"column":null}},"39":{"start":{"line":83,"column":6},"end":{"line":83,"column":null}},"40":{"start":{"line":84,"column":6},"end":{"line":84,"column":null}},"41":{"start":{"line":85,"column":6},"end":{"line":85,"column":null}},"42":{"start":{"line":86,"column":6},"end":{"line":86,"column":null}},"43":{"start":{"line":92,"column":27},"end":{"line":92,"column":45}},"44":{"start":{"line":94,"column":34},"end":{"line":94,"column":59}},"45":{"start":{"line":96,"column":29},"end":{"line":96,"column":null}}},"fnMap":{"0":{"name":"(anonymous_0)","decl":{"start":{"line":5,"column":9},"end":{"line":5,"column":10}},"loc":{"start":{"line":5,"column":16},"end":{"line":11,"column":3}},"line":5},"1":{"name":"(anonymous_1)","decl":{"start":{"line":15,"column":10},"end":{"line":15,"column":20}},"loc":{"start":{"line":15,"column":34},"end":{"line":34,"column":5}},"line":15},"2":{"name":"(anonymous_2)","decl":{"start":{"line":37,"column":10},"end":{"line":37,"column":27}},"loc":{"start":{"line":37,"column":41},"end":{"line":56,"column":5}},"line":37},"3":{"name":"(anonymous_3)","decl":{"start":{"line":59,"column":10},"end":{"line":59,"column":22}},"loc":{"start":{"line":59,"column":36},"end":{"line":78,"column":5}},"line":59},"4":{"name":"(anonymous_4)","decl":{"start":{"line":81,"column":4},"end":{"line":81,"column":14}},"loc":{"start":{"line":81,"column":17},"end":{"line":87,"column":null}},"line":81},"5":{"name":"(anonymous_5)","decl":{"start":{"line":92,"column":16},"end":{"line":92,"column":17}},"loc":{"start":{"line":92,"column":27},"end":{"line":92,"column":45}},"line":92},"6":{"name":"(anonymous_6)","decl":{"start":{"line":94,"column":23},"end":{"line":94,"column":24}},"loc":{"start":{"line":94,"column":34},"end":{"line":94,"column":59}},"line":94},"7":{"name":"(anonymous_7)","decl":{"start":{"line":96,"column":18},"end":{"line":96,"column":19}},"loc":{"start":{"line":96,"column":29},"end":{"line":96,"column":null}},"line":96}},"branchMap":{"0":{"loc":{"start":{"line":15,"column":21},"end":{"line":15,"column":32}},"type":"default-arg","locations":[{"start":{"line":15,"column":30},"end":{"line":15,"column":32}}],"line":15},"1":{"loc":{"start":{"line":24,"column":21},"end":{"line":24,"column":null}},"type":"cond-expr","locations":[{"start":{"line":24,"column":47},"end":{"line":24,"column":55}},{"start":{"line":24,"column":58},"end":{"line":24,"column":null}}],"line":24},"2":{"loc":{"start":{"line":28,"column":21},"end":{"line":28,"column":null}},"type":"binary-expr","locations":[{"start":{"line":28,"column":21},"end":{"line":28,"column":32}},{"start":{"line":28,"column":36},"end":{"line":28,"column":null}}],"line":28},"3":{"loc":{"start":{"line":37,"column":28},"end":{"line":37,"column":39}},"type":"default-arg","locations":[{"start":{"line":37,"column":37},"end":{"line":37,"column":39}}],"line":37},"4":{"loc":{"start":{"line":46,"column":28},"end":{"line":46,"column":null}},"type":"cond-expr","locations":[{"start":{"line":46,"column":54},"end":{"line":46,"column":62}},{"start":{"line":46,"column":65},"end":{"line":46,"column":null}}],"line":46},"5":{"loc":{"start":{"line":50,"column":21},"end":{"line":50,"column":null}},"type":"binary-expr","locations":[{"start":{"line":50,"column":21},"end":{"line":50,"column":32}},{"start":{"line":50,"column":36},"end":{"line":50,"column":null}}],"line":50},"6":{"loc":{"start":{"line":59,"column":23},"end":{"line":59,"column":34}},"type":"default-arg","locations":[{"start":{"line":59,"column":32},"end":{"line":59,"column":34}}],"line":59},"7":{"loc":{"start":{"line":68,"column":23},"end":{"line":68,"column":null}},"type":"cond-expr","locations":[{"start":{"line":68,"column":49},"end":{"line":68,"column":57}},{"start":{"line":68,"column":60},"end":{"line":68,"column":null}}],"line":68},"8":{"loc":{"start":{"line":72,"column":21},"end":{"line":72,"column":null}},"type":"binary-expr","locations":[{"start":{"line":72,"column":21},"end":{"line":72,"column":32}},{"start":{"line":72,"column":36},"end":{"line":72,"column":null}}],"line":72}},"s":{"0":1,"1":15,"2":3,"3":3,"4":3,"5":3,"6":3,"7":2,"8":2,"9":3,"10":1,"11":1,"12":1,"13":3,"14":3,"15":3,"16":3,"17":3,"18":3,"19":2,"20":2,"21":3,"22":1,"23":1,"24":1,"25":3,"26":3,"27":3,"28":3,"29":3,"30":3,"31":2,"32":2,"33":3,"34":1,"35":1,"36":1,"37":3,"38":1,"39":1,"40":1,"41":1,"42":1,"43":2,"44":2,"45":2},"f":{"0":15,"1":3,"2":3,"3":3,"4":1,"5":2,"6":2,"7":2},"b":{"0":[3],"1":[1,1],"2":[1,0],"3":[3],"4":[1,1],"5":[1,0],"6":[3],"7":[1,1],"8":[1,0]},"meta":{"lastBranch":9,"lastFunction":8,"lastStatement":46,"seen":{"s:4:27:98:Infinity":0,"f:5:9:5:10":0,"s:5:16:11:3":1,"f:15:10:15:20":1,"b:15:30:15:32":0,"s:16:6:16:Infinity":2,"s:17:6:17:Infinity":3,"s:18:6:33:Infinity":4,"s:19:8:19:Infinity":5,"s:20:25:20:Infinity":6,"s:21:8:21:Infinity":7,"s:24:8:24:Infinity":8,"b:24:47:24:55:24:58:24:Infinity":1,"s:26:8:26:Infinity":9,"s:28:8:28:Infinity":10,"b:28:21:28:32:28:36:28:Infinity":2,"s:29:8:29:Infinity":11,"s:30:8:30:Infinity":12,"s:32:8:32:Infinity":13,"f:37:10:37:27":2,"b:37:37:37:39":3,"s:38:6:38:Infinity":14,"s:39:6:39:Infinity":15,"s:40:6:55:Infinity":16,"s:41:8:41:Infinity":17,"s:42:25:42:Infinity":18,"s:43:8:43:Infinity":19,"s:46:8:46:Infinity":20,"b:46:54:46:62:46:65:46:Infinity":4,"s:48:8:48:Infinity":21,"s:50:8:50:Infinity":22,"b:50:21:50:32:50:36:50:Infinity":5,"s:51:8:51:Infinity":23,"s:52:8:52:Infinity":24,"s:54:8:54:Infinity":25,"f:59:10:59:22":3,"b:59:32:59:34":6,"s:60:6:60:Infinity":26,"s:61:6:61:Infinity":27,"s:62:6:77:Infinity":28,"s:63:8:63:Infinity":29,"s:64:25:64:Infinity":30,"s:65:8:65:Infinity":31,"s:68:8:68:Infinity":32,"b:68:49:68:57:68:60:68:Infinity":7,"s:70:8:70:Infinity":33,"s:72:8:72:Infinity":34,"b:72:21:72:32:72:36:72:Infinity":8,"s:73:8:73:Infinity":35,"s:74:8:74:Infinity":36,"s:76:8:76:Infinity":37,"f:81:4:81:14":4,"s:82:6:82:Infinity":38,"s:83:6:83:Infinity":39,"s:84:6:84:Infinity":40,"s:85:6:85:Infinity":41,"s:86:6:86:Infinity":42,"f:92:16:92:17":5,"s:92:27:92:45":43,"f:94:23:94:24":6,"s:94:34:94:59":44,"f:96:18:96:19":7,"s:96:29:96:Infinity":45}}}
,"/Users/qixin/Documents/PersonalWork/TraeCN-Demo/2025_1201蜜蜂/cash_frontend_1204/case_frontend_base_09/src/utils/dataTransform.js": {"path":"/Users/qixin/Documents/PersonalWork/TraeCN-Demo/2025_1201蜜蜂/cash_frontend_1204/case_frontend_base_09/src/utils/dataTransform.js","statementMap":{"0":{"start":{"line":11,"column":33},"end":{"line":51,"column":null}},"1":{"start":{"line":12,"column":2},"end":{"line":12,"column":null}},"2":{"start":{"line":12,"column":20},"end":{"line":12,"column":null}},"3":{"start":{"line":15,"column":2},"end":{"line":36,"column":null}},"4":{"start":{"line":16,"column":4},"end":{"line":35,"column":null}},"5":{"start":{"line":17,"column":43},"end":{"line":28,"column":7}},"6":{"start":{"line":39,"column":2},"end":{"line":50,"column":null}},"7":{"start":{"line":58,"column":40},"end":{"line":100,"column":null}},"8":{"start":{"line":59,"column":2},"end":{"line":59,"column":null}},"9":{"start":{"line":59,"column":20},"end":{"line":59,"column":null}},"10":{"start":{"line":62,"column":2},"end":{"line":84,"column":null}},"11":{"start":{"line":63,"column":4},"end":{"line":83,"column":null}},"12":{"start":{"line":64,"column":43},"end":{"line":76,"column":7}},"13":{"start":{"line":87,"column":2},"end":{"line":99,"column":null}},"14":{"start":{"line":107,"column":35},"end":{"line":143,"column":null}},"15":{"start":{"line":108,"column":2},"end":{"line":108,"column":null}},"16":{"start":{"line":108,"column":20},"end":{"line":108,"column":null}},"17":{"start":{"line":111,"column":2},"end":{"line":129,"column":null}},"18":{"start":{"line":112,"column":4},"end":{"line":128,"column":null}},"19":{"start":{"line":113,"column":43},"end":{"line":123,"column":7}},"20":{"start":{"line":132,"column":2},"end":{"line":142,"column":null}}},"fnMap":{"0":{"name":"(anonymous_0)","decl":{"start":{"line":11,"column":33},"end":{"line":11,"column":34}},"loc":{"start":{"line":11,"column":50},"end":{"line":51,"column":null}},"line":11},"1":{"name":"(anonymous_1)","decl":{"start":{"line":17,"column":34},"end":{"line":17,"column":38}},"loc":{"start":{"line":17,"column":43},"end":{"line":28,"column":7}},"line":17},"2":{"name":"(anonymous_2)","decl":{"start":{"line":58,"column":40},"end":{"line":58,"column":41}},"loc":{"start":{"line":58,"column":57},"end":{"line":100,"column":null}},"line":58},"3":{"name":"(anonymous_3)","decl":{"start":{"line":64,"column":34},"end":{"line":64,"column":38}},"loc":{"start":{"line":64,"column":43},"end":{"line":76,"column":7}},"line":64},"4":{"name":"(anonymous_4)","decl":{"start":{"line":107,"column":35},"end":{"line":107,"column":36}},"loc":{"start":{"line":107,"column":52},"end":{"line":143,"column":null}},"line":107},"5":{"name":"(anonymous_5)","decl":{"start":{"line":113,"column":34},"end":{"line":113,"column":38}},"loc":{"start":{"line":113,"column":43},"end":{"line":123,"column":7}},"line":113}},"branchMap":{"0":{"loc":{"start":{"line":12,"column":2},"end":{"line":12,"column":null}},"type":"if","locations":[{"start":{"line":12,"column":2},"end":{"line":12,"column":null}},{"start":{},"end":{}}],"line":12},"1":{"loc":{"start":{"line":15,"column":2},"end":{"line":36,"column":null}},"type":"if","locations":[{"start":{"line":15,"column":2},"end":{"line":36,"column":null}},{"start":{},"end":{}}],"line":15},"2":{"loc":{"start":{"line":20,"column":24},"end":{"line":20,"column":43}},"type":"binary-expr","locations":[{"start":{"line":20,"column":24},"end":{"line":20,"column":37}},{"start":{"line":20,"column":41},"end":{"line":20,"column":43}}],"line":20},"3":{"loc":{"start":{"line":20,"column":49},"end":{"line":20,"column":64}},"type":"binary-expr","locations":[{"start":{"line":20,"column":49},"end":{"line":20,"column":58}},{"start":{"line":20,"column":62},"end":{"line":20,"column":64}}],"line":20},"4":{"loc":{"start":{"line":42,"column":20},"end":{"line":42,"column":46}},"type":"binary-expr","locations":[{"start":{"line":42,"column":20},"end":{"line":42,"column":40}},{"start":{"line":42,"column":44},"end":{"line":42,"column":46}}],"line":42},"5":{"loc":{"start":{"line":42,"column":52},"end":{"line":42,"column":74}},"type":"binary-expr","locations":[{"start":{"line":42,"column":52},"end":{"line":42,"column":68}},{"start":{"line":42,"column":72},"end":{"line":42,"column":74}}],"line":42},"6":{"loc":{"start":{"line":59,"column":2},"end":{"line":59,"column":null}},"type":"if","locations":[{"start":{"line":59,"column":2},"end":{"line":59,"column":null}},{"start":{},"end":{}}],"line":59},"7":{"loc":{"start":{"line":62,"column":2},"end":{"line":84,"column":null}},"type":"if","locations":[{"start":{"line":62,"column":2},"end":{"line":84,"column":null}},{"start":{},"end":{}}],"line":62},"8":{"loc":{"start":{"line":66,"column":14},"end":{"line":66,"column":53}},"type":"cond-expr","locations":[{"start":{"line":66,"column":33},"end":{"line":66,"column":41}},{"start":{"line":66,"column":44},"end":{"line":66,"column":53}}],"line":66},"9":{"loc":{"start":{"line":68,"column":21},"end":{"line":68,"column":48}},"type":"binary-expr","locations":[{"start":{"line":68,"column":21},"end":{"line":68,"column":31}},{"start":{"line":68,"column":35},"end":{"line":68,"column":48}}],"line":68},"10":{"loc":{"start":{"line":89,"column":10},"end":{"line":89,"column":56}},"type":"cond-expr","locations":[{"start":{"line":89,"column":36},"end":{"line":89,"column":44}},{"start":{"line":89,"column":47},"end":{"line":89,"column":56}}],"line":89},"11":{"loc":{"start":{"line":91,"column":17},"end":{"line":91,"column":58}},"type":"binary-expr","locations":[{"start":{"line":91,"column":17},"end":{"line":91,"column":34}},{"start":{"line":91,"column":38},"end":{"line":91,"column":58}}],"line":91},"12":{"loc":{"start":{"line":108,"column":2},"end":{"line":108,"column":null}},"type":"if","locations":[{"start":{"line":108,"column":2},"end":{"line":108,"column":null}},{"start":{},"end":{}}],"line":108},"13":{"loc":{"start":{"line":111,"column":2},"end":{"line":129,"column":null}},"type":"if","locations":[{"start":{"line":111,"column":2},"end":{"line":129,"column":null}},{"start":{},"end":{}}],"line":111},"14":{"loc":{"start":{"line":115,"column":21},"end":{"line":115,"column":53}},"type":"binary-expr","locations":[{"start":{"line":115,"column":21},"end":{"line":115,"column":40}},{"start":{"line":115,"column":44},"end":{"line":115,"column":53}}],"line":115},"15":{"loc":{"start":{"line":117,"column":22},"end":{"line":117,"column":53}},"type":"binary-expr","locations":[{"start":{"line":117,"column":22},"end":{"line":117,"column":48}},{"start":{"line":117,"column":52},"end":{"line":117,"column":53}}],"line":117},"16":{"loc":{"start":{"line":118,"column":32},"end":{"line":118,"column":64}},"type":"binary-expr","locations":[{"start":{"line":118,"column":32},"end":{"line":118,"column":59}},{"start":{"line":118,"column":63},"end":{"line":118,"column":64}}],"line":118},"17":{"loc":{"start":{"line":119,"column":17},"end":{"line":119,"column":46}},"type":"binary-expr","locations":[{"start":{"line":119,"column":17},"end":{"line":119,"column":41}},{"start":{"line":119,"column":45},"end":{"line":119,"column":46}}],"line":119},"18":{"loc":{"start":{"line":121,"column":20},"end":{"line":121,"column":41}},"type":"binary-expr","locations":[{"start":{"line":121,"column":20},"end":{"line":121,"column":35}},{"start":{"line":121,"column":39},"end":{"line":121,"column":41}}],"line":121},"19":{"loc":{"start":{"line":122,"column":22},"end":{"line":122,"column":null}},"type":"binary-expr","locations":[{"start":{"line":122,"column":22},"end":{"line":122,"column":39}},{"start":{"line":122,"column":43},"end":{"line":122,"column":null}}],"line":122},"20":{"loc":{"start":{"line":134,"column":17},"end":{"line":134,"column":56}},"type":"binary-expr","locations":[{"start":{"line":134,"column":17},"end":{"line":134,"column":43}},{"start":{"line":134,"column":47},"end":{"line":134,"column":56}}],"line":134},"21":{"loc":{"start":{"line":136,"column":18},"end":{"line":136,"column":56}},"type":"binary-expr","locations":[{"start":{"line":136,"column":18},"end":{"line":136,"column":51}},{"start":{"line":136,"column":55},"end":{"line":136,"column":56}}],"line":136},"22":{"loc":{"start":{"line":137,"column":28},"end":{"line":137,"column":67}},"type":"binary-expr","locations":[{"start":{"line":137,"column":28},"end":{"line":137,"column":62}},{"start":{"line":137,"column":66},"end":{"line":137,"column":67}}],"line":137},"23":{"loc":{"start":{"line":138,"column":13},"end":{"line":138,"column":49}},"type":"binary-expr","locations":[{"start":{"line":138,"column":13},"end":{"line":138,"column":44}},{"start":{"line":138,"column":48},"end":{"line":138,"column":49}}],"line":138},"24":{"loc":{"start":{"line":140,"column":16},"end":{"line":140,"column":44}},"type":"binary-expr","locations":[{"start":{"line":140,"column":16},"end":{"line":140,"column":38}},{"start":{"line":140,"column":42},"end":{"line":140,"column":44}}],"line":140},"25":{"loc":{"start":{"line":141,"column":18},"end":{"line":141,"column":null}},"type":"binary-expr","locations":[{"start":{"line":141,"column":18},"end":{"line":141,"column":42}},{"start":{"line":141,"column":46},"end":{"line":141,"column":null}}],"line":141}},"s":{"0":1,"1":7,"2":3,"3":4,"4":2,"5":2,"6":2,"7":1,"8":8,"9":3,"10":5,"11":2,"12":2,"13":3,"14":1,"15":7,"16":3,"17":4,"18":0,"19":0,"20":4},"f":{"0":7,"1":2,"2":8,"3":2,"4":7,"5":0},"b":{"0":[3,4],"1":[2,2],"2":[2,0],"3":[2,0],"4":[2,0],"5":[7,1],"6":[3,5],"7":[2,3],"8":[1,1],"9":[2,0],"10":[1,2],"11":[8,1],"12":[3,4],"13":[0,4],"14":[0,0],"15":[0,0],"16":[0,0],"17":[0,0],"18":[0,0],"19":[0,0],"20":[4,1],"21":[7,2],"22":[7,2],"23":[7,2],"24":[7,1],"25":[7,1]},"meta":{"lastBranch":26,"lastFunction":6,"lastStatement":21,"seen":{"s:11:33:51:Infinity":0,"f:11:33:11:34":0,"b:12:2:12:Infinity:undefined:undefined:undefined:undefined":0,"s:12:2:12:Infinity":1,"s:12:20:12:Infinity":2,"b:15:2:36:Infinity:undefined:undefined:undefined:undefined":1,"s:15:2:36:Infinity":3,"s:16:4:35:Infinity":4,"f:17:34:17:38":1,"s:17:43:28:7":5,"b:20:24:20:37:20:41:20:43":2,"b:20:49:20:58:20:62:20:64":3,"s:39:2:50:Infinity":6,"b:42:20:42:40:42:44:42:46":4,"b:42:52:42:68:42:72:42:74":5,"s:58:40:100:Infinity":7,"f:58:40:58:41":2,"b:59:2:59:Infinity:undefined:undefined:undefined:undefined":6,"s:59:2:59:Infinity":8,"s:59:20:59:Infinity":9,"b:62:2:84:Infinity:undefined:undefined:undefined:undefined":7,"s:62:2:84:Infinity":10,"s:63:4:83:Infinity":11,"f:64:34:64:38":3,"s:64:43:76:7":12,"b:66:33:66:41:66:44:66:53":8,"b:68:21:68:31:68:35:68:48":9,"s:87:2:99:Infinity":13,"b:89:36:89:44:89:47:89:56":10,"b:91:17:91:34:91:38:91:58":11,"s:107:35:143:Infinity":14,"f:107:35:107:36":4,"b:108:2:108:Infinity:undefined:undefined:undefined:undefined":12,"s:108:2:108:Infinity":15,"s:108:20:108:Infinity":16,"b:111:2:129:Infinity:undefined:undefined:undefined:undefined":13,"s:111:2:129:Infinity":17,"s:112:4:128:Infinity":18,"f:113:34:113:38":5,"s:113:43:123:7":19,"b:115:21:115:40:115:44:115:53":14,"b:117:22:117:48:117:52:117:53":15,"b:118:32:118:59:118:63:118:64":16,"b:119:17:119:41:119:45:119:46":17,"b:121:20:121:35:121:39:121:41":18,"b:122:22:122:39:122:43:122:Infinity":19,"s:132:2:142:Infinity":20,"b:134:17:134:43:134:47:134:56":20,"b:136:18:136:51:136:55:136:56":21,"b:137:28:137:62:137:66:137:67":22,"b:138:13:138:44:138:48:138:49":23,"b:140:16:140:38:140:42:140:44":24,"b:141:18:141:42:141:46:141:Infinity":25}}}
,"/Users/qixin/Documents/PersonalWork/TraeCN-Demo/2025_1201蜜蜂/cash_frontend_1204/case_frontend_base_09/src/utils/request.js": {"path":"/Users/qixin/Documents/PersonalWork/TraeCN-Demo/2025_1201蜜蜂/cash_frontend_1204/case_frontend_base_09/src/utils/request.js","statementMap":{"0":{"start":{"line":4,"column":16},"end":{"line":7,"column":null}},"1":{"start":{"line":10,"column":0},"end":{"line":20,"column":null}},"2":{"start":{"line":13,"column":4},"end":{"line":13,"column":null}},"3":{"start":{"line":17,"column":4},"end":{"line":17,"column":null}},"4":{"start":{"line":18,"column":4},"end":{"line":18,"column":null}},"5":{"start":{"line":23,"column":0},"end":{"line":73,"column":null}},"6":{"start":{"line":26,"column":16},"end":{"line":26,"column":null}},"7":{"start":{"line":29,"column":4},"end":{"line":32,"column":null}},"8":{"start":{"line":30,"column":6},"end":{"line":30,"column":null}},"9":{"start":{"line":31,"column":6},"end":{"line":31,"column":null}},"10":{"start":{"line":34,"column":4},"end":{"line":34,"column":null}},"11":{"start":{"line":38,"column":4},"end":{"line":38,"column":null}},"12":{"start":{"line":41,"column":4},"end":{"line":69,"column":null}},"13":{"start":{"line":42,"column":31},"end":{"line":42,"column":null}},"14":{"start":{"line":44,"column":6},"end":{"line":62,"column":null}},"15":{"start":{"line":46,"column":10},"end":{"line":46,"column":null}},"16":{"start":{"line":47,"column":10},"end":{"line":47,"column":null}},"17":{"start":{"line":49,"column":10},"end":{"line":49,"column":null}},"18":{"start":{"line":50,"column":10},"end":{"line":50,"column":null}},"19":{"start":{"line":52,"column":10},"end":{"line":52,"column":null}},"20":{"start":{"line":53,"column":10},"end":{"line":53,"column":null}},"21":{"start":{"line":55,"column":10},"end":{"line":55,"column":null}},"22":{"start":{"line":56,"column":10},"end":{"line":56,"column":null}},"23":{"start":{"line":58,"column":10},"end":{"line":58,"column":null}},"24":{"start":{"line":59,"column":10},"end":{"line":59,"column":null}},"25":{"start":{"line":61,"column":10},"end":{"line":61,"column":null}},"26":{"start":{"line":63,"column":11},"end":{"line":69,"column":null}},"27":{"start":{"line":65,"column":6},"end":{"line":65,"column":null}},"28":{"start":{"line":68,"column":6},"end":{"line":68,"column":null}},"29":{"start":{"line":71,"column":4},"end":{"line":71,"column":null}}},"fnMap":{"0":{"name":"(anonymous_0)","decl":{"start":{"line":11,"column":2},"end":{"line":11,"column":8}},"loc":{"start":{"line":11,"column":12},"end":{"line":14,"column":3}},"line":11},"1":{"name":"(anonymous_1)","decl":{"start":{"line":15,"column":2},"end":{"line":15,"column":7}},"loc":{"start":{"line":15,"column":11},"end":{"line":19,"column":null}},"line":15},"2":{"name":"(anonymous_2)","decl":{"start":{"line":24,"column":2},"end":{"line":24,"column":10}},"loc":{"start":{"line":24,"column":14},"end":{"line":35,"column":3}},"line":24},"3":{"name":"(anonymous_3)","decl":{"start":{"line":36,"column":2},"end":{"line":36,"column":7}},"loc":{"start":{"line":36,"column":11},"end":{"line":72,"column":null}},"line":36}},"branchMap":{"0":{"loc":{"start":{"line":29,"column":4},"end":{"line":32,"column":null}},"type":"if","locations":[{"start":{"line":29,"column":4},"end":{"line":32,"column":null}},{"start":{},"end":{}}],"line":29},"1":{"loc":{"start":{"line":29,"column":8},"end":{"line":29,"column":36}},"type":"binary-expr","locations":[{"start":{"line":29,"column":8},"end":{"line":29,"column":16}},{"start":{"line":29,"column":20},"end":{"line":29,"column":36}}],"line":29},"2":{"loc":{"start":{"line":30,"column":34},"end":{"line":30,"column":55}},"type":"binary-expr","locations":[{"start":{"line":30,"column":34},"end":{"line":30,"column":45}},{"start":{"line":30,"column":49},"end":{"line":30,"column":55}}],"line":30},"3":{"loc":{"start":{"line":31,"column":38},"end":{"line":31,"column":59}},"type":"binary-expr","locations":[{"start":{"line":31,"column":38},"end":{"line":31,"column":49}},{"start":{"line":31,"column":53},"end":{"line":31,"column":59}}],"line":31},"4":{"loc":{"start":{"line":41,"column":4},"end":{"line":69,"column":null}},"type":"if","locations":[{"start":{"line":41,"column":4},"end":{"line":69,"column":null}},{"start":{"line":63,"column":11},"end":{"line":69,"column":null}}],"line":41},"5":{"loc":{"start":{"line":44,"column":6},"end":{"line":62,"column":null}},"type":"switch","locations":[{"start":{"line":45,"column":8},"end":{"line":47,"column":null}},{"start":{"line":48,"column":8},"end":{"line":50,"column":null}},{"start":{"line":51,"column":8},"end":{"line":53,"column":null}},{"start":{"line":54,"column":8},"end":{"line":56,"column":null}},{"start":{"line":57,"column":8},"end":{"line":59,"column":null}},{"start":{"line":60,"column":8},"end":{"line":61,"column":null}}],"line":44},"6":{"loc":{"start":{"line":46,"column":26},"end":{"line":46,"column":null}},"type":"binary-expr","locations":[{"start":{"line":46,"column":26},"end":{"line":46,"column":37}},{"start":{"line":46,"column":41},"end":{"line":46,"column":null}}],"line":46},"7":{"loc":{"start":{"line":61,"column":26},"end":{"line":61,"column":null}},"type":"binary-expr","locations":[{"start":{"line":61,"column":26},"end":{"line":61,"column":37}},{"start":{"line":61,"column":41},"end":{"line":61,"column":null}}],"line":61},"8":{"loc":{"start":{"line":63,"column":11},"end":{"line":69,"column":null}},"type":"if","locations":[{"start":{"line":63,"column":11},"end":{"line":69,"column":null}},{"start":{"line":66,"column":11},"end":{"line":69,"column":null}}],"line":63},"9":{"loc":{"start":{"line":68,"column":22},"end":{"line":68,"column":null}},"type":"binary-expr","locations":[{"start":{"line":68,"column":22},"end":{"line":68,"column":35}},{"start":{"line":68,"column":39},"end":{"line":68,"column":null}}],"line":68}},"s":{"0":1,"1":1,"2":0,"3":0,"4":0,"5":1,"6":0,"7":0,"8":0,"9":0,"10":0,"11":0,"12":0,"13":0,"14":0,"15":0,"16":0,"17":0,"18":0,"19":0,"20":0,"21":0,"22":0,"23":0,"24":0,"25":0,"26":0,"27":0,"28":0,"29":0},"f":{"0":0,"1":0,"2":0,"3":0},"b":{"0":[0,0],"1":[0,0],"2":[0,0],"3":[0,0],"4":[0,0],"5":[0,0,0,0,0,0],"6":[0,0],"7":[0,0],"8":[0,0],"9":[0,0]},"meta":{"lastBranch":10,"lastFunction":4,"lastStatement":30,"seen":{"s:4:16:7:Infinity":0,"s:10:0:20:Infinity":1,"f:11:2:11:8":0,"s:13:4:13:Infinity":2,"f:15:2:15:7":1,"s:17:4:17:Infinity":3,"s:18:4:18:Infinity":4,"s:23:0:73:Infinity":5,"f:24:2:24:10":2,"s:26:16:26:Infinity":6,"b:29:4:32:Infinity:undefined:undefined:undefined:undefined":0,"s:29:4:32:Infinity":7,"b:29:8:29:16:29:20:29:36":1,"s:30:6:30:Infinity":8,"b:30:34:30:45:30:49:30:55":2,"s:31:6:31:Infinity":9,"b:31:38:31:49:31:53:31:59":3,"s:34:4:34:Infinity":10,"f:36:2:36:7":3,"s:38:4:38:Infinity":11,"b:41:4:69:Infinity:63:11:69:Infinity":4,"s:41:4:69:Infinity":12,"s:42:31:42:Infinity":13,"b:45:8:47:Infinity:48:8:50:Infinity:51:8:53:Infinity:54:8:56:Infinity:57:8:59:Infinity:60:8:61:Infinity":5,"s:44:6:62:Infinity":14,"s:46:10:46:Infinity":15,"b:46:26:46:37:46:41:46:Infinity":6,"s:47:10:47:Infinity":16,"s:49:10:49:Infinity":17,"s:50:10:50:Infinity":18,"s:52:10:52:Infinity":19,"s:53:10:53:Infinity":20,"s:55:10:55:Infinity":21,"s:56:10:56:Infinity":22,"s:58:10:58:Infinity":23,"s:59:10:59:Infinity":24,"s:61:10:61:Infinity":25,"b:61:26:61:37:61:41:61:Infinity":7,"b:63:11:69:Infinity:66:11:69:Infinity":8,"s:63:11:69:Infinity":26,"s:65:6:65:Infinity":27,"s:68:6:68:Infinity":28,"b:68:22:68:35:68:39:68:Infinity":9,"s:71:4:71:Infinity":29}}}
}
